<?xml version="1.0" encoding="UTF-8"?>
<testng-results ignored="0" total="10" passed="9" failed="1" skipped="0">
  <reporter-output>
  </reporter-output>
  <suite started-at="2022-01-22T00:37:50 IST" name="Default suite" finished-at="2022-01-22T00:47:05 IST" duration-ms="554882">
    <groups>
      <group name="cucumber">
        <method signature="AbstractTestNGCucumberTests.runScenario(io.cucumber.testng.PickleWrapper, io.cucumber.testng.FeatureWrapper)[pri:0, instance:com.mindtree.runner.TestRunner@20ca951f]" name="runScenario" class="io.cucumber.testng.AbstractTestNGCucumberTests"/>
      </group> <!-- cucumber -->
    </groups>
    <test started-at="2022-01-22T00:37:50 IST" name="Default test" finished-at="2022-01-22T00:47:05 IST" duration-ms="554882">
      <class name="com.mindtree.runner.TestRunner">
        <test-method is-config="true" signature="setUpClass(org.testng.ITestContext)[pri:0, instance:com.mindtree.runner.TestRunner@20ca951f]" started-at="2022-01-22T00:37:50 IST" name="setUpClass" finished-at="2022-01-22T00:37:52 IST" duration-ms="2158" status="PASS">
          <params>
            <param index="0">
              <value>
                <![CDATA[org.testng.TestRunner@5a1a20ae]]>
              </value>
            </param>
          </params>
          <reporter-output>
          </reporter-output>
        </test-method> <!-- setUpClass -->
        <test-method signature="runScenario(io.cucumber.testng.PickleWrapper, io.cucumber.testng.FeatureWrapper)[pri:0, instance:com.mindtree.runner.TestRunner@20ca951f]" started-at="2022-01-22T00:37:52 IST" name="runScenario" description="Runs Cucumber Scenarios" data-provider="scenarios" finished-at="2022-01-22T00:40:03 IST" duration-ms="130856" status="FAIL">
          <params>
            <param index="0">
              <value>
                <![CDATA["Airport cab services"]]>
              </value>
            </param>
            <param index="1">
              <value>
                <![CDATA["Optional[Airport]"]]>
              </value>
            </param>
          </params>
          <exception class="org.openqa.selenium.StaleElementReferenceException">
            <message>
              <![CDATA[stale element reference: element is not attached to the page document
  (Session info: chrome=97.0.4692.71)
For documentation on this error, please visit: https://www.seleniumhq.org/exceptions/stale_element_reference.html
Build info: version: '3.141.59', revision: 'e82be7d358', time: '2018-11-14T08:17:03'
System info: host: 'DESKTOP-1FENP1M', ip: '192.168.1.5', os.name: 'Windows 10', os.arch: 'amd64', os.version: '10.0', java.version: '17.0.1'
Driver info: org.openqa.selenium.chrome.ChromeDriver
Capabilities {acceptInsecureCerts: false, browserName: chrome, browserVersion: 97.0.4692.71, chrome: {chromedriverVersion: 97.0.4692.71 (adefa7837d02a..., userDataDir: C:\Users\SKINDA~1\AppData\L...}, goog:chromeOptions: {debuggerAddress: localhost:60872}, javascriptEnabled: true, networkConnectionEnabled: false, pageLoadStrategy: normal, platform: WINDOWS, platformName: WINDOWS, proxy: Proxy(), setWindowRect: true, strictFileInteractability: false, timeouts: {implicit: 0, pageLoad: 300000, script: 30000}, unhandledPromptBehavior: dismiss and notify, webauthn:extension:credBlob: true, webauthn:extension:largeBlob: true, webauthn:virtualAuthenticators: true}
Session ID: b3c53b16430c85a77ed6cddd857d5861]]>
            </message>
            <full-stacktrace>
              <![CDATA[org.openqa.selenium.StaleElementReferenceException: stale element reference: element is not attached to the page document
  (Session info: chrome=97.0.4692.71)
For documentation on this error, please visit: https://www.seleniumhq.org/exceptions/stale_element_reference.html
Build info: version: '3.141.59', revision: 'e82be7d358', time: '2018-11-14T08:17:03'
System info: host: 'DESKTOP-1FENP1M', ip: '192.168.1.5', os.name: 'Windows 10', os.arch: 'amd64', os.version: '10.0', java.version: '17.0.1'
Driver info: org.openqa.selenium.chrome.ChromeDriver
Capabilities {acceptInsecureCerts: false, browserName: chrome, browserVersion: 97.0.4692.71, chrome: {chromedriverVersion: 97.0.4692.71 (adefa7837d02a..., userDataDir: C:\Users\SKINDA~1\AppData\L...}, goog:chromeOptions: {debuggerAddress: localhost:60872}, javascriptEnabled: true, networkConnectionEnabled: false, pageLoadStrategy: normal, platform: WINDOWS, platformName: WINDOWS, proxy: Proxy(), setWindowRect: true, strictFileInteractability: false, timeouts: {implicit: 0, pageLoad: 300000, script: 30000}, unhandledPromptBehavior: dismiss and notify, webauthn:extension:credBlob: true, webauthn:extension:largeBlob: true, webauthn:virtualAuthenticators: true}
Session ID: b3c53b16430c85a77ed6cddd857d5861
at java.base/jdk.internal.reflect.NativeConstructorAccessorImpl.newInstance0(Native Method)
at java.base/jdk.internal.reflect.NativeConstructorAccessorImpl.newInstance(NativeConstructorAccessorImpl.java:77)
at java.base/jdk.internal.reflect.DelegatingConstructorAccessorImpl.newInstance(DelegatingConstructorAccessorImpl.java:45)
at java.base/java.lang.reflect.Constructor.newInstanceWithCaller(Constructor.java:499)
at java.base/java.lang.reflect.Constructor.newInstance(Constructor.java:480)
at org.openqa.selenium.remote.http.W3CHttpResponseCodec.createException(W3CHttpResponseCodec.java:187)
at org.openqa.selenium.remote.http.W3CHttpResponseCodec.decode(W3CHttpResponseCodec.java:122)
at org.openqa.selenium.remote.http.W3CHttpResponseCodec.decode(W3CHttpResponseCodec.java:49)
at org.openqa.selenium.remote.HttpCommandExecutor.execute(HttpCommandExecutor.java:158)
at org.openqa.selenium.remote.service.DriverCommandExecutor.execute(DriverCommandExecutor.java:83)
at org.openqa.selenium.remote.RemoteWebDriver.execute(RemoteWebDriver.java:552)
at org.openqa.selenium.remote.RemoteWebElement.execute(RemoteWebElement.java:285)
at org.openqa.selenium.remote.RemoteWebElement.click(RemoteWebElement.java:84)
at com.mindtree.reusable.WebDriverHelper.clickButton(WebDriverHelper.java:48)
at com.mindtree.pageobject.Airportpage.dropaddress(Airportpage.java:50)
at com.mindtree.stepDefination.AirportStepdefinition.user_enters_drop_address_or_pickup_address(AirportStepdefinition.java:51)
at ✽.User enters Drop address or pickup address "Rajajinagar,Bangalore"(file:///C:/Users/Sk%20Indadul/Downloads/fw-bdd/fw-bdd/Features/Airport.feature:10)
]]>
            </full-stacktrace>
          </exception> <!-- org.openqa.selenium.StaleElementReferenceException -->
          <reporter-output>
          </reporter-output>
        </test-method> <!-- runScenario -->
        <test-method signature="runScenario(io.cucumber.testng.PickleWrapper, io.cucumber.testng.FeatureWrapper)[pri:0, instance:com.mindtree.runner.TestRunner@20ca951f]" started-at="2022-01-22T00:40:03 IST" name="runScenario" description="Runs Cucumber Scenarios" data-provider="scenarios" finished-at="2022-01-22T00:41:44 IST" duration-ms="100945" status="PASS">
          <params>
            <param index="0">
              <value>
                <![CDATA["Airport cab services"]]>
              </value>
            </param>
            <param index="1">
              <value>
                <![CDATA["Optional[Airport]"]]>
              </value>
            </param>
          </params>
          <reporter-output>
          </reporter-output>
        </test-method> <!-- runScenario -->
        <test-method signature="runScenario(io.cucumber.testng.PickleWrapper, io.cucumber.testng.FeatureWrapper)[pri:0, instance:com.mindtree.runner.TestRunner@20ca951f]" started-at="2022-01-22T00:41:44 IST" name="runScenario" description="Runs Cucumber Scenarios" data-provider="scenarios" finished-at="2022-01-22T00:42:42 IST" duration-ms="57922" status="PASS">
          <params>
            <param index="0">
              <value>
                <![CDATA["Local cab services"]]>
              </value>
            </param>
            <param index="1">
              <value>
                <![CDATA["Optional[Local path]"]]>
              </value>
            </param>
          </params>
          <reporter-output>
          </reporter-output>
        </test-method> <!-- runScenario -->
        <test-method signature="runScenario(io.cucumber.testng.PickleWrapper, io.cucumber.testng.FeatureWrapper)[pri:0, instance:com.mindtree.runner.TestRunner@20ca951f]" started-at="2022-01-22T00:42:42 IST" name="runScenario" description="Runs Cucumber Scenarios" data-provider="scenarios" finished-at="2022-01-22T00:43:27 IST" duration-ms="44929" status="PASS">
          <params>
            <param index="0">
              <value>
                <![CDATA["Validating Text is displayed after filling the fields"]]>
              </value>
            </param>
            <param index="1">
              <value>
                <![CDATA["Optional[Corporate car Rental under services]"]]>
              </value>
            </param>
          </params>
          <reporter-output>
          </reporter-output>
        </test-method> <!-- runScenario -->
        <test-method signature="runScenario(io.cucumber.testng.PickleWrapper, io.cucumber.testng.FeatureWrapper)[pri:0, instance:com.mindtree.runner.TestRunner@20ca951f]" started-at="2022-01-22T00:43:27 IST" name="runScenario" description="Runs Cucumber Scenarios" data-provider="scenarios" finished-at="2022-01-22T00:43:48 IST" duration-ms="21057" status="PASS">
          <params>
            <param index="0">
              <value>
                <![CDATA["Title of homepage validation"]]>
              </value>
            </param>
            <param index="1">
              <value>
                <![CDATA["Optional[Homepage]"]]>
              </value>
            </param>
          </params>
          <reporter-output>
          </reporter-output>
        </test-method> <!-- runScenario -->
        <test-method signature="runScenario(io.cucumber.testng.PickleWrapper, io.cucumber.testng.FeatureWrapper)[pri:0, instance:com.mindtree.runner.TestRunner@20ca951f]" started-at="2022-01-22T00:43:48 IST" name="runScenario" description="Runs Cucumber Scenarios" data-provider="scenarios" finished-at="2022-01-22T00:44:15 IST" duration-ms="26813" status="PASS">
          <params>
            <param index="0">
              <value>
                <![CDATA["CEO Validation"]]>
              </value>
            </param>
            <param index="1">
              <value>
                <![CDATA["Optional[Homepage]"]]>
              </value>
            </param>
          </params>
          <reporter-output>
          </reporter-output>
        </test-method> <!-- runScenario -->
        <test-method signature="runScenario(io.cucumber.testng.PickleWrapper, io.cucumber.testng.FeatureWrapper)[pri:0, instance:com.mindtree.runner.TestRunner@20ca951f]" started-at="2022-01-22T00:44:15 IST" name="runScenario" description="Runs Cucumber Scenarios" data-provider="scenarios" finished-at="2022-01-22T00:44:50 IST" duration-ms="35106" status="PASS">
          <params>
            <param index="0">
              <value>
                <![CDATA["Validating the North route"]]>
              </value>
            </param>
            <param index="1">
              <value>
                <![CDATA["Optional[One way cab]"]]>
              </value>
            </param>
          </params>
          <reporter-output>
          </reporter-output>
        </test-method> <!-- runScenario -->
        <test-method signature="runScenario(io.cucumber.testng.PickleWrapper, io.cucumber.testng.FeatureWrapper)[pri:0, instance:com.mindtree.runner.TestRunner@20ca951f]" started-at="2022-01-22T00:44:50 IST" name="runScenario" description="Runs Cucumber Scenarios" data-provider="scenarios" finished-at="2022-01-22T00:45:43 IST" duration-ms="53339" status="PASS">
          <params>
            <param index="0">
              <value>
                <![CDATA["Outstaion cab services"]]>
              </value>
            </param>
            <param index="1">
              <value>
                <![CDATA["Optional[Outsation path]"]]>
              </value>
            </param>
          </params>
          <reporter-output>
          </reporter-output>
        </test-method> <!-- runScenario -->
        <test-method signature="runScenario(io.cucumber.testng.PickleWrapper, io.cucumber.testng.FeatureWrapper)[pri:0, instance:com.mindtree.runner.TestRunner@20ca951f]" started-at="2022-01-22T00:45:43 IST" name="runScenario" description="Runs Cucumber Scenarios" data-provider="scenarios" finished-at="2022-01-22T00:46:36 IST" duration-ms="52886" status="PASS">
          <params>
            <param index="0">
              <value>
                <![CDATA["Outstaion cab services"]]>
              </value>
            </param>
            <param index="1">
              <value>
                <![CDATA["Optional[Outsation path]"]]>
              </value>
            </param>
          </params>
          <reporter-output>
          </reporter-output>
        </test-method> <!-- runScenario -->
        <test-method signature="runScenario(io.cucumber.testng.PickleWrapper, io.cucumber.testng.FeatureWrapper)[pri:0, instance:com.mindtree.runner.TestRunner@20ca951f]" started-at="2022-01-22T00:46:36 IST" name="runScenario" description="Runs Cucumber Scenarios" data-provider="scenarios" finished-at="2022-01-22T00:47:05 IST" duration-ms="28156" status="PASS">
          <params>
            <param index="0">
              <value>
                <![CDATA["Checking Login"]]>
              </value>
            </param>
            <param index="1">
              <value>
                <![CDATA["Optional[Login Validation]"]]>
              </value>
            </param>
          </params>
          <reporter-output>
          </reporter-output>
        </test-method> <!-- runScenario -->
        <test-method is-config="true" signature="tearDownClass()[pri:0, instance:com.mindtree.runner.TestRunner@20ca951f]" started-at="2022-01-22T00:47:05 IST" name="tearDownClass" finished-at="2022-01-22T00:47:05 IST" duration-ms="477" status="PASS">
          <reporter-output>
          </reporter-output>
        </test-method> <!-- tearDownClass -->
      </class> <!-- com.mindtree.runner.TestRunner -->
    </test> <!-- Default test -->
  </suite> <!-- Default suite -->
</testng-results>
